[2025-05-13 13:17:17][House][INFO] House init
[2025-05-13 13:17:18][House][INFO] Tick 4 elevator 1 Floor 2 up
[2025-05-13 13:17:18][House][INFO] Tick 5 elevator 2 Floor 2 up
[2025-05-13 13:17:18][House][INFO] Tick 5 elevator 3 Floor 2 up
[2025-05-13 13:17:18][House][INFO] Tick 6 elevator 1 Floor 3 up
[2025-05-13 13:17:18][House][INFO] Tick 6 elevator 3 Floor 2 open door
[2025-05-13 13:17:18][House][INFO] Tick 7 elevator 2 Floor 3 up
[2025-05-13 13:17:18][House][INFO] Tick 7 elevator 3 Floor 2 disembarkation in
[2025-05-13 13:17:18][House][INFO] Tick 8 elevator 1 Floor 4 up
[2025-05-13 13:17:18][House][INFO] Tick 8 elevator 3 Floor 2 close door
[2025-05-13 13:17:18][House][INFO] Tick 8 elevator 2 Floor 3 open door
[2025-05-13 13:17:19][House][INFO] Tick 9 elevator 2 Floor 3 disembarkation in
[2025-05-13 13:17:19][House][INFO] Tick 10 elevator 1 Floor 5 up
[2025-05-13 13:17:19][House][INFO] Tick 10 elevator 2 Floor 3 close door
[2025-05-13 13:17:19][House][INFO] Tick 10 elevator 3 Floor 3 up
[2025-05-13 13:17:19][House][INFO] Tick 11 elevator 1 Floor 5 open door
[2025-05-13 13:17:19][House][INFO] Tick 12 elevator 2 Floor 3 down
[2025-05-13 13:17:19][House][INFO] Tick 12 elevator 1 Floor 5 disembarkation in
[2025-05-13 13:17:19][House][INFO] Tick 12 elevator 3 Floor 4 up
[2025-05-13 13:17:19][House][INFO] Tick 13 elevator 1 Floor 5 close door
[2025-05-13 13:17:20][House][INFO] Tick 14 elevator 3 Floor 5 up
[2025-05-13 13:17:20][House][INFO] Tick 14 elevator 2 Floor 2 down
[2025-05-13 13:17:20][House][INFO] Tick 15 elevator 3 Floor 5 open door
[2025-05-13 13:17:20][House][INFO] Tick 15 elevator 2 Floor 1 open door
[2025-05-13 13:17:20][House][INFO] Tick 15 elevator 1 Floor 5 down
[2025-05-13 13:17:20][House][INFO] Tick 16 elevator 2 Floor 1 disembarkation out
[2025-05-13 13:17:20][House][INFO] Tick 16 elevator 4 Floor 2 up
[2025-05-13 13:17:20][House][INFO] Tick 16 elevator 3 Floor 5 disembarkation in
[2025-05-13 13:17:20][House][INFO] Tick 17 elevator 1 Floor 4 down
[2025-05-13 13:17:20][House][INFO] Tick 17 elevator 2 Floor 1 close door
[2025-05-13 13:17:20][House][INFO] Tick 17 elevator 3 Floor 5 close door
[2025-05-13 13:17:20][House][INFO] Tick 18 elevator 4 Floor 3 up
[2025-05-13 13:17:21][House][INFO] Tick 19 elevator 2 Floor 2 up
[2025-05-13 13:17:21][House][INFO] Tick 19 elevator 1 Floor 3 down
[2025-05-13 13:17:21][House][INFO] Tick 19 elevator 3 Floor 6 up
[2025-05-13 13:17:21][House][INFO] Tick 20 elevator 1 Floor 2 open door
[2025-05-13 13:17:21][House][INFO] Tick 20 elevator 4 Floor 4 up
[2025-05-13 13:17:21][House][INFO] Tick 20 elevator 2 Floor 2 open door
[2025-05-13 13:17:21][House][INFO] Tick 21 elevator 2 Floor 2 disembarkation in
[2025-05-13 13:17:21][House][INFO] Tick 21 elevator 1 Floor 2 disembarkation in
[2025-05-13 13:17:21][House][INFO] Tick 21 elevator 3 Floor 7 up
[2025-05-13 13:17:21][House][INFO] Tick 22 elevator 2 Floor 2 close door
[2025-05-13 13:17:21][House][INFO] Tick 22 elevator 5 Floor 2 up
[2025-05-13 13:17:21][House][INFO] Tick 22 elevator 3 Floor 7 open door
[2025-05-13 13:17:21][House][INFO] Tick 22 elevator 4 Floor 5 up
[2025-05-13 13:17:21][House][INFO] Tick 22 elevator 1 Floor 2 close door
[2025-05-13 13:17:21][House][INFO] Tick 23 elevator 3 Floor 7 disembarkation out
[2025-05-13 13:17:22][House][INFO] Tick 24 elevator 5 Floor 3 up
[2025-05-13 13:17:22][House][INFO] Tick 24 elevator 1 Floor 2 down
[2025-05-13 13:17:22][House][INFO] Tick 24 elevator 2 Floor 3 up
[2025-05-13 13:17:22][House][INFO] Tick 24 elevator 3 Floor 7 close door
[2025-05-13 13:17:22][House][INFO] Tick 24 elevator 4 Floor 6 up
[2025-05-13 13:17:22][House][INFO] Tick 25 elevator 1 Floor 1 open door
[2025-05-13 13:17:22][House][INFO] Tick 26 elevator 1 Floor 1 disembarkation out
[2025-05-13 13:17:22][House][INFO] Tick 26 elevator 1 Floor 1 disembarkation out
[2025-05-13 13:17:22][House][INFO] Tick 26 elevator 2 Floor 4 up
[2025-05-13 13:17:22][House][INFO] Tick 26 elevator 4 Floor 7 up
[2025-05-13 13:17:22][House][INFO] Tick 26 elevator 5 Floor 4 up
[2025-05-13 13:17:22][House][INFO] Tick 26 elevator 3 Floor 7 down
[2025-05-13 13:17:22][House][INFO] Tick 27 elevator 4 Floor 7 open door
[2025-05-13 13:17:22][House][INFO] Tick 27 elevator 1 Floor 1 close door
[2025-05-13 13:17:22][House][INFO] Tick 27 elevator 3 Floor 6 open door
[2025-05-13 13:17:22][House][INFO] Tick 28 elevator 4 Floor 7 disembarkation in
[2025-05-13 13:17:22][House][INFO] Tick 28 elevator 4 Floor 7 disembarkation in
[2025-05-13 13:17:22][House][INFO] Tick 28 elevator 2 Floor 5 up
[2025-05-13 13:17:22][House][INFO] Tick 28 elevator 3 Floor 6 disembarkation in
[2025-05-13 13:17:22][House][INFO] Tick 28 elevator 5 Floor 5 up
[2025-05-13 13:17:23][House][INFO] Tick 29 elevator 3 Floor 6 close door
[2025-05-13 13:17:23][House][INFO] Tick 29 elevator 4 Floor 7 close door
[2025-05-13 13:17:23][House][INFO] Tick 29 elevator 1 Floor 2 up
[2025-05-13 13:17:23][House][INFO] Tick 29 elevator 5 Floor 5 open door
[2025-05-13 13:17:23][House][INFO] Tick 30 elevator 1 Floor 2 open door
[2025-05-13 13:17:23][House][INFO] Tick 30 elevator 2 Floor 6 up
[2025-05-13 13:17:23][House][INFO] Tick 30 elevator 5 Floor 5 disembarkation in
[2025-05-13 13:17:23][House][INFO] Tick 31 elevator 3 Floor 6 down
[2025-05-13 13:17:23][House][INFO] Tick 31 elevator 5 Floor 5 close door
[2025-05-13 13:17:23][House][INFO] Tick 31 elevator 4 Floor 7 down
[2025-05-13 13:17:23][House][INFO] Tick 31 elevator 1 Floor 2 disembarkation in
[2025-05-13 13:17:23][House][INFO] Tick 31 elevator 2 Floor 6 open door
[2025-05-13 13:17:23][House][INFO] Tick 32 elevator 1 Floor 2 close door
[2025-05-13 13:17:23][House][INFO] Tick 32 elevator 2 Floor 6 disembarkation out
[2025-05-13 13:17:23][House][INFO] Tick 32 elevator 3 Floor 5 open door
[2025-05-13 13:17:23][House][INFO] Tick 32 elevator 4 Floor 6 open door
[2025-05-13 13:17:23][House][INFO] Tick 33 elevator 3 Floor 5 disembarkation in
[2025-05-13 13:17:23][House][INFO] Tick 33 elevator 2 Floor 6 close door
[2025-05-13 13:17:23][House][INFO] Tick 33 elevator 4 Floor 6 disembarkation out
[2025-05-13 13:17:23][House][INFO] Tick 33 elevator 5 Floor 5 down
[2025-05-13 13:17:24][House][INFO] Tick 34 elevator 4 Floor 6 close door
[2025-05-13 13:17:24][House][INFO] Tick 34 elevator 1 Floor 3 up
[2025-05-13 13:17:24][House][INFO] Tick 34 elevator 3 Floor 5 close door
[2025-05-13 13:17:24][House][INFO] Tick 35 elevator 5 Floor 4 down
[2025-05-13 13:17:24][House][INFO] Tick 35 elevator 1 Floor 3 open door
[2025-05-13 13:17:24][House][INFO] Tick 35 elevator 2 Floor 7 up
[2025-05-13 13:17:24][House][INFO] Tick 36 elevator 5 Floor 3 open door
[2025-05-13 13:17:24][House][INFO] Tick 36 elevator 3 Floor 5 down
[2025-05-13 13:17:24][House][INFO] Tick 36 elevator 1 Floor 3 disembarkation out
[2025-05-13 13:17:24][House][INFO] Tick 36 elevator 4 Floor 6 down
[2025-05-13 13:17:24][House][INFO] Tick 37 elevator 5 Floor 3 disembarkation out
[2025-05-13 13:17:24][House][INFO] Tick 37 elevator 2 Floor 8 up
[2025-05-13 13:17:24][House][INFO] Tick 37 elevator 1 Floor 3 close door
[2025-05-13 13:17:24][House][INFO] Tick 38 elevator 4 Floor 5 down
[2025-05-13 13:17:24][House][INFO] Tick 38 elevator 5 Floor 3 close door
[2025-05-13 13:17:24][House][INFO] Tick 38 elevator 3 Floor 4 down
[2025-05-13 13:17:25][House][INFO] Tick 39 elevator 1 Floor 4 up
[2025-05-13 13:17:25][House][INFO] Tick 39 elevator 2 Floor 9 up
[2025-05-13 13:17:25][House][INFO] Tick 39 elevator 3 Floor 3 open door
[2025-05-13 13:17:25][House][INFO] Tick 40 elevator 2 Floor 9 open door
[2025-05-13 13:17:25][House][INFO] Tick 40 elevator 4 Floor 4 down
[2025-05-13 13:17:25][House][INFO] Tick 40 elevator 5 Floor 4 up
[2025-05-13 13:17:25][House][INFO] Tick 40 elevator 3 Floor 3 disembarkation out
[2025-05-13 13:17:25][House][INFO] Tick 41 elevator 2 Floor 9 disembarkation in
[2025-05-13 13:17:25][House][INFO] Tick 41 elevator 2 Floor 9 disembarkation in
[2025-05-13 13:17:25][House][INFO] Tick 41 elevator 1 Floor 5 up
[2025-05-13 13:17:25][House][INFO] Tick 41 elevator 4 Floor 3 open door
[2025-05-13 13:17:25][House][INFO] Tick 41 elevator 3 Floor 3 close door
[2025-05-13 13:17:25][House][INFO] Tick 42 elevator 2 Floor 9 close door
[2025-05-13 13:17:25][House][INFO] Tick 42 elevator 5 Floor 5 up
[2025-05-13 13:17:25][House][INFO] Tick 42 elevator 4 Floor 3 disembarkation out
[2025-05-13 13:17:25][House][INFO] Tick 43 elevator 4 Floor 3 close door
[2025-05-13 13:17:25][House][INFO] Tick 43 elevator 3 Floor 4 up
[2025-05-13 13:17:25][House][INFO] Tick 43 elevator 1 Floor 6 up
[2025-05-13 13:17:26][House][INFO] Tick 44 elevator 2 Floor 9 down
[2025-05-13 13:17:26][House][INFO] Tick 44 elevator 5 Floor 6 up
[2025-05-13 13:17:26][House][INFO] Tick 45 elevator 4 Floor 4 up
[2025-05-13 13:17:26][House][INFO] Tick 45 elevator 1 Floor 7 up
[2025-05-13 13:17:26][House][INFO] Tick 45 elevator 3 Floor 5 up
[2025-05-13 13:17:26][House][INFO] Tick 46 elevator 2 Floor 8 down
[2025-05-13 13:17:26][House][INFO] Tick 46 elevator 5 Floor 7 up
[2025-05-13 13:17:26][House][INFO] Tick 46 elevator 1 Floor 7 open door
[2025-05-13 13:17:26][House][INFO] Tick 47 elevator 4 Floor 5 up
[2025-05-13 13:17:26][House][INFO] Tick 47 elevator 1 Floor 7 disembarkation in
[2025-05-13 13:17:26][House][INFO] Tick 47 elevator 1 Floor 7 disembarkation in
[2025-05-13 13:17:26][House][INFO] Tick 47 elevator 3 Floor 6 up
[2025-05-13 13:17:26][House][INFO] Tick 48 elevator 2 Floor 7 down
[2025-05-13 13:17:26][House][INFO] Tick 48 elevator 5 Floor 8 up
[2025-05-13 13:17:26][House][INFO] Tick 48 elevator 1 Floor 7 close door
[2025-05-13 13:17:27][House][INFO] Tick 49 elevator 3 Floor 7 up
[2025-05-13 13:17:27][House][INFO] Tick 49 elevator 4 Floor 6 up
[2025-05-13 13:17:27][House][INFO] Tick 50 elevator 1 Floor 8 up
[2025-05-13 13:17:27][House][INFO] Tick 50 elevator 5 Floor 9 up
[2025-05-13 13:17:27][House][INFO] Tick 50 elevator 2 Floor 6 down
[2025-05-13 13:17:27][House][INFO] Tick 51 elevator 3 Floor 8 up
[2025-05-13 13:17:27][House][INFO] Tick 51 elevator 4 Floor 7 up
[2025-05-13 13:17:27][House][INFO] Tick 51 elevator 5 Floor 9 open door
[2025-05-13 13:17:27][House][INFO] Tick 52 elevator 5 Floor 9 disembarkation in
[2025-05-13 13:17:27][House][INFO] Tick 52 elevator 2 Floor 5 down
[2025-05-13 13:17:27][House][INFO] Tick 52 elevator 1 Floor 9 up
[2025-05-13 13:17:27][House][INFO] Tick 53 elevator 4 Floor 8 up
[2025-05-13 13:17:27][House][INFO] Tick 53 elevator 1 Floor 9 open door
[2025-05-13 13:17:27][House][INFO] Tick 53 elevator 2 Floor 4 open door
[2025-05-13 13:17:27][House][INFO] Tick 53 elevator 3 Floor 9 up
[2025-05-13 13:17:27][House][INFO] Tick 53 elevator 5 Floor 9 close door
[2025-05-13 13:17:28][House][INFO] Tick 54 elevator 1 Floor 9 disembarkation in
[2025-05-13 13:17:28][House][INFO] Tick 54 elevator 1 Floor 9 disembarkation in
[2025-05-13 13:17:28][House][INFO] Tick 54 elevator 2 Floor 4 disembarkation out
[2025-05-13 13:17:28][House][INFO] Tick 54 elevator 3 Floor 9 open door
[2025-05-13 13:17:28][House][INFO] Tick 55 elevator 1 Floor 9 close door
[2025-05-13 13:17:28][House][INFO] Tick 55 elevator 3 Floor 9 disembarkation out
[2025-05-13 13:17:28][House][INFO] Tick 55 elevator 5 Floor 10 up
[2025-05-13 13:17:28][House][INFO] Tick 55 elevator 4 Floor 9 up
[2025-05-13 13:17:28][House][INFO] Tick 55 elevator 2 Floor 4 close door
[2025-05-13 13:17:28][House][INFO] Tick 56 elevator 3 Floor 9 close door
[2025-05-13 13:17:28][House][INFO] Tick 57 elevator 2 Floor 4 down
[2025-05-13 13:17:28][House][INFO] Tick 57 elevator 4 Floor 10 up
[2025-05-13 13:17:28][House][INFO] Tick 57 elevator 5 Floor 11 up
[2025-05-13 13:17:28][House][INFO] Tick 57 elevator 1 Floor 10 up
[2025-05-13 13:17:28][House][INFO] Tick 58 elevator 2 Floor 3 open door
[2025-05-13 13:17:28][House][INFO] Tick 58 elevator 3 Floor 10 up
[2025-05-13 13:17:28][House][INFO] Tick 58 elevator 4 Floor 10 open door
[2025-05-13 13:17:28][House][INFO] Tick 58 elevator 1 Floor 10 open door
[2025-05-13 13:17:28][House][INFO] Tick 58 elevator 5 Floor 11 open door
[2025-05-13 13:17:29][House][INFO] Tick 59 elevator 2 Floor 3 disembarkation in
[2025-05-13 13:17:29][House][INFO] Tick 59 elevator 3 Floor 10 open door
[2025-05-13 13:17:29][House][INFO] Tick 59 elevator 1 Floor 10 disembarkation in
[2025-05-13 13:17:29][House][INFO] Tick 59 elevator 5 Floor 11 disembarkation out
[2025-05-13 13:17:29][House][INFO] Tick 59 elevator 4 Floor 10 disembarkation in
[2025-05-13 13:17:29][House][INFO] Tick 60 elevator 1 Floor 10 close door
[2025-05-13 13:17:29][House][INFO] Tick 60 elevator 4 Floor 10 close door
[2025-05-13 13:17:29][House][INFO] Tick 60 elevator 3 Floor 10 disembarkation in
[2025-05-13 13:17:29][House][INFO] Tick 60 elevator 2 Floor 3 close door
[2025-05-13 13:17:29][House][INFO] Tick 60 elevator 5 Floor 11 close door
[2025-05-13 13:17:29][House][INFO] Tick 61 elevator 3 Floor 10 close door
[2025-05-13 13:17:29][House][INFO] Tick 62 elevator 1 Floor 11 up
[2025-05-13 13:17:29][House][INFO] Tick 62 elevator 2 Floor 3 down
[2025-05-13 13:17:29][House][INFO] Tick 62 elevator 4 Floor 10 down
[2025-05-13 13:17:29][House][INFO] Tick 62 elevator 5 Floor 11 down
[2025-05-13 13:17:29][House][INFO] Tick 63 elevator 2 Floor 2 open door
[2025-05-13 13:17:29][House][INFO] Tick 63 elevator 3 Floor 11 up
[2025-05-13 13:17:29][House][INFO] Tick 63 elevator 1 Floor 11 open door
[2025-05-13 13:17:30][House][INFO] Tick 64 elevator 1 Floor 11 disembarkation out
[2025-05-13 13:17:30][House][INFO] Tick 64 elevator 1 Floor 11 disembarkation in
[2025-05-13 13:17:30][House][INFO] Tick 64 elevator 2 Floor 2 disembarkation out
[2025-05-13 13:17:30][House][INFO] Tick 64 elevator 5 Floor 10 down
[2025-05-13 13:17:30][House][INFO] Tick 64 elevator 4 Floor 9 down
[2025-05-13 13:17:30][House][INFO] Tick 65 elevator 1 Floor 11 close door
[2025-05-13 13:17:30][House][INFO] Tick 65 elevator 2 Floor 2 close door
[2025-05-13 13:17:30][House][INFO] Tick 65 elevator 3 Floor 12 up
[2025-05-13 13:17:30][House][INFO] Tick 66 elevator 4 Floor 8 down
[2025-05-13 13:17:30][House][INFO] Tick 66 elevator 5 Floor 9 down
[2025-05-13 13:17:30][House][INFO] Tick 66 elevator 3 Floor 12 open door
[2025-05-13 13:17:30][House][INFO] Tick 67 elevator 2 Floor 3 up
[2025-05-13 13:17:30][House][INFO] Tick 67 elevator 3 Floor 12 disembarkation out
[2025-05-13 13:17:30][House][INFO] Tick 67 elevator 1 Floor 12 up
[2025-05-13 13:17:30][House][INFO] Tick 68 elevator 3 Floor 12 close door
[2025-05-13 13:17:30][House][INFO] Tick 68 elevator 4 Floor 7 down
[2025-05-13 13:17:30][House][INFO] Tick 68 elevator 1 Floor 12 open door
[2025-05-13 13:17:30][House][INFO] Tick 68 elevator 5 Floor 8 down
[2025-05-13 13:17:31][House][INFO] Tick 69 elevator 1 Floor 12 disembarkation out
[2025-05-13 13:17:31][House][INFO] Tick 69 elevator 1 Floor 12 disembarkation in
[2025-05-13 13:17:31][House][INFO] Tick 69 elevator 2 Floor 4 up
[2025-05-13 13:17:31][House][INFO] Tick 70 elevator 1 Floor 12 close door
[2025-05-13 13:17:31][House][INFO] Tick 70 elevator 3 Floor 12 down
[2025-05-13 13:17:31][House][INFO] Tick 70 elevator 4 Floor 6 down
[2025-05-13 13:17:31][House][INFO] Tick 70 elevator 5 Floor 7 down
[2025-05-13 13:17:31][House][INFO] Tick 71 elevator 2 Floor 5 up
[2025-05-13 13:17:31][House][INFO] Tick 72 elevator 1 Floor 12 down
[2025-05-13 13:17:31][House][INFO] Tick 72 elevator 2 Floor 5 open door
[2025-05-13 13:17:31][House][INFO] Tick 72 elevator 3 Floor 11 down
[2025-05-13 13:17:31][House][INFO] Tick 72 elevator 4 Floor 5 down
[2025-05-13 13:17:31][House][INFO] Tick 72 elevator 5 Floor 6 down
[2025-05-13 13:17:31][House][INFO] Tick 73 elevator 4 Floor 4 open door
[2025-05-13 13:17:31][House][INFO] Tick 73 elevator 2 Floor 5 disembarkation in
[2025-05-13 13:17:32][House][INFO] Tick 74 elevator 1 Floor 11 down
[2025-05-13 13:17:32][House][INFO] Tick 74 elevator 4 Floor 4 disembarkation out
[2025-05-13 13:17:32][House][INFO] Tick 74 elevator 3 Floor 10 down
[2025-05-13 13:17:32][House][INFO] Tick 74 elevator 5 Floor 5 down
[2025-05-13 13:17:32][House][INFO] Tick 74 elevator 2 Floor 5 close door
[2025-05-13 13:17:32][House][INFO] Tick 75 elevator 4 Floor 4 close door
[2025-05-13 13:17:32][House][INFO] Tick 75 elevator 1 Floor 10 open door
[2025-05-13 13:17:32][House][INFO] Tick 76 elevator 1 Floor 10 disembarkation in
[2025-05-13 13:17:32][House][INFO] Tick 76 elevator 2 Floor 6 up
[2025-05-13 13:17:32][House][INFO] Tick 76 elevator 3 Floor 9 down
[2025-05-13 13:17:32][House][INFO] Tick 76 elevator 5 Floor 4 down
[2025-05-13 13:17:32][House][INFO] Tick 77 elevator 1 Floor 10 close door
[2025-05-13 13:17:32][House][INFO] Tick 77 elevator 4 Floor 5 up
[2025-05-13 13:17:32][House][INFO] Tick 77 elevator 5 Floor 3 open door
[2025-05-13 13:17:32][House][INFO] Tick 78 elevator 2 Floor 7 up
[2025-05-13 13:17:32][House][INFO] Tick 78 elevator 3 Floor 8 down
[2025-05-13 13:17:32][House][INFO] Tick 78 elevator 5 Floor 3 disembarkation in
[2025-05-13 13:17:33][House][INFO] Tick 79 elevator 1 Floor 10 down
[2025-05-13 13:17:33][House][INFO] Tick 79 elevator 2 Floor 7 open door
[2025-05-13 13:17:33][House][INFO] Tick 79 elevator 4 Floor 6 up
[2025-05-13 13:17:33][House][INFO] Tick 79 elevator 5 Floor 3 close door
[2025-05-13 13:17:33][House][INFO] Tick 80 elevator 1 Floor 9 open door
[2025-05-13 13:17:33][House][INFO] Tick 80 elevator 3 Floor 7 down
[2025-05-13 13:17:33][House][INFO] Tick 80 elevator 2 Floor 7 disembarkation out
[2025-05-13 13:17:33][House][INFO] Tick 81 elevator 1 Floor 9 disembarkation out
[2025-05-13 13:17:33][House][INFO] Tick 81 elevator 2 Floor 7 close door
[2025-05-13 13:17:33][House][INFO] Tick 81 elevator 4 Floor 7 up
[2025-05-13 13:17:33][House][INFO] Tick 81 elevator 5 Floor 4 up
[2025-05-13 13:17:33][House][INFO] Tick 82 elevator 3 Floor 6 down
[2025-05-13 13:17:33][House][INFO] Tick 82 elevator 1 Floor 9 close door
[2025-05-13 13:17:33][House][INFO] Tick 83 elevator 2 Floor 8 up
[2025-05-13 13:17:33][House][INFO] Tick 83 elevator 5 Floor 5 up
[2025-05-13 13:17:33][House][INFO] Tick 83 elevator 3 Floor 5 open door
[2025-05-13 13:17:33][House][INFO] Tick 83 elevator 4 Floor 8 up
[2025-05-13 13:17:34][House][INFO] Tick 84 elevator 1 Floor 9 down
[2025-05-13 13:17:34][House][INFO] Tick 84 elevator 3 Floor 5 disembarkation in
[2025-05-13 13:17:34][House][INFO] Tick 85 elevator 5 Floor 6 up
[2025-05-13 13:17:34][House][INFO] Tick 85 elevator 2 Floor 9 up
[2025-05-13 13:17:34][House][INFO] Tick 85 elevator 4 Floor 9 up
[2025-05-13 13:17:34][House][INFO] Tick 85 elevator 1 Floor 8 open door
[2025-05-13 13:17:34][House][INFO] Tick 85 elevator 3 Floor 5 close door
[2025-05-13 13:17:34][House][INFO] Tick 86 elevator 1 Floor 8 disembarkation out
[2025-05-13 13:17:34][House][INFO] Tick 86 elevator 5 Floor 6 open door
[2025-05-13 13:17:34][House][INFO] Tick 87 elevator 1 Floor 8 close door
[2025-05-13 13:17:34][House][INFO] Tick 87 elevator 2 Floor 10 up
[2025-05-13 13:17:34][House][INFO] Tick 87 elevator 3 Floor 5 down
[2025-05-13 13:17:34][House][INFO] Tick 87 elevator 5 Floor 6 disembarkation out
[2025-05-13 13:17:34][House][INFO] Tick 87 elevator 4 Floor 10 up
[2025-05-13 13:17:34][House][INFO] Tick 88 elevator 5 Floor 6 close door
[2025-05-13 13:17:34][House][INFO] Tick 88 elevator 3 Floor 4 open door
[2025-05-13 13:17:34][House][INFO] Tick 88 elevator 2 Floor 10 open door
[2025-05-13 13:17:34][House][INFO] Tick 88 elevator 4 Floor 10 open door
[2025-05-13 13:17:35][House][INFO] Tick 89 elevator 3 Floor 4 disembarkation out
[2025-05-13 13:17:35][House][INFO] Tick 89 elevator 2 Floor 10 disembarkation out
[2025-05-13 13:17:35][House][INFO] Tick 89 elevator 1 Floor 8 down
[2025-05-13 13:17:35][House][INFO] Tick 89 elevator 4 Floor 10 disembarkation in
[2025-05-13 13:17:35][House][INFO] Tick 90 elevator 2 Floor 10 close door
[2025-05-13 13:17:35][House][INFO] Tick 90 elevator 3 Floor 4 close door
[2025-05-13 13:17:35][House][INFO] Tick 90 elevator 5 Floor 6 down
[2025-05-13 13:17:35][House][INFO] Tick 90 elevator 4 Floor 10 close door
[2025-05-13 13:17:35][House][INFO] Tick 91 elevator 1 Floor 7 down
[2025-05-13 13:17:35][House][INFO] Tick 92 elevator 4 Floor 10 down
[2025-05-13 13:17:35][House][INFO] Tick 92 elevator 1 Floor 6 open door
[2025-05-13 13:17:35][House][INFO] Tick 92 elevator 3 Floor 4 down
[2025-05-13 13:17:35][House][INFO] Tick 92 elevator 5 Floor 5 down
[2025-05-13 13:17:35][House][INFO] Tick 92 elevator 2 Floor 11 up
[2025-05-13 13:17:35][House][INFO] Tick 93 elevator 1 Floor 6 disembarkation out
[2025-05-13 13:17:35][House][INFO] Tick 93 elevator 2 Floor 11 open door
[2025-05-13 13:17:35][House][INFO] Tick 93 elevator 5 Floor 4 open door
[2025-05-13 13:17:36][House][INFO] Tick 94 elevator 2 Floor 11 disembarkation in
[2025-05-13 13:17:36][House][INFO] Tick 94 elevator 2 Floor 11 disembarkation in
[2025-05-13 13:17:36][House][INFO] Tick 94 elevator 1 Floor 6 close door
[2025-05-13 13:17:36][House][INFO] Tick 94 elevator 5 Floor 4 disembarkation in
[2025-05-13 13:17:36][House][INFO] Tick 94 elevator 3 Floor 3 down
[2025-05-13 13:17:36][House][INFO] Tick 94 elevator 4 Floor 9 down
[2025-05-13 13:17:36][House][INFO] Tick 95 elevator 5 Floor 4 close door
[2025-05-13 13:17:36][House][INFO] Tick 95 elevator 3 Floor 2 open door
[2025-05-13 13:17:36][House][INFO] Tick 95 elevator 2 Floor 11 close door
[2025-05-13 13:17:36][House][INFO] Tick 96 elevator 1 Floor 6 down
[2025-05-13 13:17:36][House][INFO] Tick 96 elevator 3 Floor 2 disembarkation out
[2025-05-13 13:17:36][House][INFO] Tick 96 elevator 3 Floor 2 disembarkation in
[2025-05-13 13:17:36][House][INFO] Tick 96 elevator 3 Floor 2 disembarkation in
[2025-05-13 13:17:36][House][INFO] Tick 96 elevator 3 Floor 2 disembarkation in
[2025-05-13 13:17:36][House][INFO] Tick 96 elevator 4 Floor 8 down
[2025-05-13 13:17:36][House][INFO] Tick 97 elevator 1 Floor 5 open door
[2025-05-13 13:17:36][House][INFO] Tick 97 elevator 2 Floor 11 down
[2025-05-13 13:17:36][House][INFO] Tick 97 elevator 5 Floor 5 up
[2025-05-13 13:17:36][House][INFO] Tick 97 elevator 3 Floor 2 close door
[2025-05-13 13:17:36][House][INFO] Tick 98 elevator 4 Floor 7 down
[2025-05-13 13:17:36][House][INFO] Tick 98 elevator 1 Floor 5 disembarkation in
[2025-05-13 13:17:37][House][INFO] Tick 99 elevator 3 Floor 3 up
[2025-05-13 13:17:37][House][INFO] Tick 99 elevator 5 Floor 6 up
[2025-05-13 13:17:37][House][INFO] Tick 99 elevator 2 Floor 10 down
[2025-05-13 13:17:37][House][INFO] Tick 99 elevator 1 Floor 5 close door
[2025-05-13 13:17:37][House][INFO] Tick 100 elevator 4 Floor 6 down
[2025-05-13 13:17:37][House][INFO] Tick 100 elevator 3 Floor 3 open door
[2025-05-13 13:17:37][House][INFO] Tick 101 elevator 3 Floor 3 disembarkation out
[2025-05-13 13:17:37][House][INFO] Tick 101 elevator 1 Floor 5 down
[2025-05-13 13:17:37][House][INFO] Tick 101 elevator 2 Floor 9 down
[2025-05-13 13:17:37][House][INFO] Tick 101 elevator 5 Floor 7 up
[2025-05-13 13:17:37][House][INFO] Tick 102 elevator 3 Floor 3 close door
[2025-05-13 13:17:37][House][INFO] Tick 102 elevator 1 Floor 4 open door
[2025-05-13 13:17:37][House][INFO] Tick 102 elevator 4 Floor 5 down
[2025-05-13 13:17:37][House][INFO] Tick 103 elevator 2 Floor 8 down
[2025-05-13 13:17:37][House][INFO] Tick 103 elevator 1 Floor 4 disembarkation out
[2025-05-13 13:17:37][House][INFO] Tick 103 elevator 5 Floor 8 up
[2025-05-13 13:17:38][House][INFO] Tick 104 elevator 3 Floor 4 up
[2025-05-13 13:17:38][House][INFO] Tick 104 elevator 1 Floor 4 close door
[2025-05-13 13:17:38][House][INFO] Tick 104 elevator 4 Floor 4 down
